['Decision', '31804', 0, 1]
['Decision', '19179', 1, 1]
['Decision', '20678', 0, 2]
['Decision', '22678', 2, 1]
['Decision', '32571', 1, 2]
['Decision', '24741', 3, 1]
['Decision', '21191', 2, 2]
['Decision', '22648', 4, 1]
['Decision', '14141', 3, 2]
['Decision', '30389', 4, 2]
['Decision', '7613', 5, 1]
['Decision', '6944', 6, 1]
['Decision', '7112', 5, 2]
['Decision', '12457', 7, 1]
['Decision', '29825', 6, 2]
['Decision', '31481', 8, 1]
['Decision', '11302', 7, 2]
['Decision', '21442', 9, 1]
['Decision', '16463', 8, 2]
['Decision', '20688', 10, 1]
['Decision', '24780', 9, 2]
['Decision', '8734', 11, 1]
['Decision', '21340', 10, 2]
['Decision', '24217', 11, 2]
['Decision', '7540', 12, 1]
['Decision', '31157', 13, 1]
['Decision', '7114', 12, 2]
['Decision', '5491', 14, 1]
['Decision', '16919', 13, 2]
['Decision', '10486', 15, 1]
['Decision', '26608', 14, 2]
['Decision', '17754', 15, 2]
['Decision', '25743', 16, 1]
['Decision', '30051', 17, 1]
['Decision', '16709', 16, 2]
['Decision', '31706', 18, 1]
['Decision', '27507', 17, 2]
['Decision', '12410', 19, 1]
['Decision', '23235', 18, 2]
['Decision', '23376', 20, 1]
['Decision', '24412', 19, 2]
['Decision', '5625', 21, 1]
['Decision', '12979', 20, 2]
['Decision', '12394', 22, 1]
['Decision', '16143', 21, 2]
['Decision', '31469', 23, 1]
['Decision', '24089', 22, 2]
['Decision', '24681', 24, 1]
['Decision', '13828', 23, 2]
['Decision', '5325', 25, 1]
['Decision', '19523', 24, 2]
['Decision', '24529', 26, 1]
['Decision', '2848', 25, 2]
['Decision', '2302', 27, 1]
['Decision', '22757', 26, 2]
['Decision', '30839', 28, 1]
['Decision', '11788', 27, 2]
['Decision', '30041', 29, 1]
['Decision', '19657', 28, 2]
['Decision', '6247', 29, 2]
['Decision', '31639', 30, 1]
['Decision', '25702', 31, 1]
['Decision', '22498', 30, 2]
['Decision', '14347', 32, 1]
['Decision', '19152', 31, 2]
['Decision', '29958', 32, 2]
['Decision', '12942', 33, 1]
['Decision', '120', 34, 1]
['Decision', '22534', 33, 2]
['Decision', '9867', 35, 1]
['Decision', '8385', 34, 2]
['Decision', '13754', 35, 2]
['Decision', '9478', 36, 1]
['Decision', '24906', 37, 1]
['Decision', '8458', 36, 2]
['Decision', '11537', 38, 1]
['Decision', '19984', 37, 2]
['Decision', '1400', 39, 1]
['Decision', '15696', 38, 2]
['Decision', '24702', 40, 1]
['Decision', '4100', 39, 2]
['Decision', '15332', 41, 1]
['Decision', '30322', 40, 2]
['Decision', '4631', 42, 1]
['Decision', '9161', 41, 2]
['Decision', '13494', 43, 1]
['Decision', '8608', 42, 2]
['Decision', '18300', 44, 1]
['Decision', '5605', 43, 2]
['Decision', '13862', 45, 1]
['Decision', '8567', 44, 2]
['Decision', '28517', 46, 1]
['Decision', '23412', 45, 2]
['Decision', '24611', 46, 2]
['Decision', '9398', 47, 1]
['Decision', '11057', 48, 1]
['Decision', '4735', 47, 2]
['Decision', '3484', 49, 1]
['Decision', '32311', 48, 2]
['Decision', '27834', 49, 2]
['Decision', '19474', 50, 1]
['Decision', '32338', 51, 1]
['Decision', '13381', 50, 2]
['Decision', '11045', 52, 1]
['Decision', '11224', 51, 2]
['Decision', '24204', 52, 2]
['Decision', '15335', 53, 1]
['Decision', '11368', 54, 1]
['Decision', '1309', 53, 2]
['Decision', '11668', 55, 1]
['Decision', '21800', 54, 2]
['Decision', '29281', 56, 1]
['Decision', '10065', 55, 2]
['Decision', '23914', 57, 1]
['Decision', '20705', 56, 2]
['Decision', '22507', 58, 1]
['Decision', '19922', 57, 2]
['Decision', '3091', 59, 1]
['Decision', '10632', 58, 2]
['Decision', '6990', 60, 1]
['Decision', '6669', 59, 2]
['Decision', '2039', 61, 1]
['Decision', '15490', 60, 2]
['Decision', '24845', 62, 1]
['Decision', '11987', 61, 2]
['Decision', '7890', 63, 1]
['Decision', '17505', 62, 2]
['Decision', '16814', 64, 1]
['Decision', '29915', 63, 2]
['Decision', '22426', 65, 1]
['Decision', '10457', 64, 2]
['Decision', '23743', 66, 1]
['Decision', '2720', 65, 2]
['Decision', '672', 67, 1]
['Decision', '18539', 66, 2]
['Decision', '32457', 68, 1]
['Decision', '22843', 67, 2]
['Decision', '25206', 69, 1]
['Decision', '5959', 68, 2]
['Decision', '21664', 70, 1]
['Decision', '23118', 69, 2]
['Decision', '29888', 71, 1]
['Decision', '15975', 70, 2]
['Decision', '31657', 72, 1]
['Decision', '13541', 71, 2]
['Decision', '31088', 73, 1]
['Decision', '32572', 72, 2]
['Decision', '18940', 74, 1]
['Decision', '6919', 73, 2]
['Decision', '28838', 75, 1]
['Decision', '17730', 74, 2]
['Decision', '27296', 76, 1]
['Decision', '32110', 75, 2]
['Decision', '14799', 77, 1]
['Decision', '21168', 76, 2]
['Decision', '10121', 78, 1]
['Decision', '5360', 77, 2]
['Decision', '5932', 79, 1]
['Decision', '12523', 78, 2]
['Decision', '23841', 80, 1]
['Decision', '15799', 79, 2]
['Decision', '3444', 81, 1]
['Decision', '32579', 80, 2]
['Decision', '26889', 82, 1]
['Decision', '14272', 81, 2]
['Decision', '29231', 83, 1]
['Decision', '5748', 82, 2]
['Decision', '19259', 84, 1]
['Decision', '29735', 83, 2]
['Decision', '12569', 85, 1]
['Decision', '9567', 84, 2]
['Decision', '25430', 86, 1]
['Decision', '14005', 85, 2]
['Decision', '3793', 87, 1]
['Decision', '21165', 86, 2]
['Decision', '25120', 88, 1]
['Decision', '13937', 87, 2]
['Decision', '21350', 89, 1]
['Decision', '21524', 88, 2]
['Decision', '8853', 90, 1]
['Decision', '29819', 89, 2]
['Decision', '18361', 91, 1]
['Decision', '22135', 90, 2]
['Decision', '12210', 92, 1]
['Decision', '13163', 91, 2]
['Decision', '2110', 93, 1]
['Decision', '9507', 92, 2]
['Decision', '15510', 94, 1]
['Decision', '1955', 93, 2]
['Decision', '31647', 95, 1]
['Decision', '21648', 94, 2]
['Decision', '25837', 96, 1]
['Decision', '9599', 95, 2]
['Decision', '25447', 96, 2]
['Decision', '5783', 97, 1]
['Decision', '21589', 98, 1]
['Decision', '13992', 97, 2]
['Decision', '15871', 99, 1]
['Decision', '21042', 98, 2]
['Decision', '12008', 100, 1]
['Decision', '17727', 99, 2]
['Decision', '786', 101, 1]
['Decision', '14558', 100, 2]
['Decision', '20254', 102, 1]
['Decision', '29734', 101, 2]
['Decision', '14417', 103, 1]
['Decision', '12025', 102, 2]
['Decision', '7164', 104, 1]
['Decision', '31762', 103, 2]
['Decision', '26275', 105, 1]
['Decision', '10395', 104, 2]
['Decision', '31412', 106, 1]
['Decision', '23309', 105, 2]
['Decision', '1730', 107, 1]
['Decision', '16938', 106, 2]
['Decision', '30450', 108, 1]
['Decision', '21895', 107, 2]
['Decision', '23040', 109, 1]
['Decision', '11640', 108, 2]
['Decision', '28501', 110, 1]
['Decision', '19373', 109, 2]
['Decision', '3660', 111, 1]
['Decision', '32703', 110, 2]
['Decision', '27216', 112, 1]
['Decision', '20060', 111, 2]
['Decision', '12654', 112, 2]
['Decision', '30895', 113, 1]
['Decision', '20254', 114, 1]
['Decision', '1267', 113, 2]
['Decision', '6468', 115, 1]
['Decision', '26757', 114, 2]
['Decision', '29749', 116, 1]
['Decision', '23403', 115, 2]
['Decision', '19728', 117, 1]
['Decision', '10628', 116, 2]
['Decision', '18734', 118, 1]
['Decision', '6169', 117, 2]
['Decision', '26148', 119, 1]
['Decision', '1602', 118, 2]
['Decision', '12212', 120, 1]
['Decision', '28614', 119, 2]
['Decision', '15617', 120, 2]
['Decision', '30869', 121, 1]
['Decision', '4637', 122, 1]
['Decision', '3760', 121, 2]
['Decision', '3497', 123, 1]
['Decision', '10043', 122, 2]
['Decision', '4336', 124, 1]
['Decision', '27239', 123, 2]
['Decision', '23476', 125, 1]
['Decision', '11442', 124, 2]
['Decision', '10945', 126, 1]
['Decision', '21452', 125, 2]
['Decision', '5967', 127, 1]
['Decision', '25701', 126, 2]
['Decision', '19972', 128, 1]
['Decision', '10743', 127, 2]
['Decision', '32003', 129, 1]
['Decision', '9252', 128, 2]
['Decision', '31822', 130, 1]
['Decision', '25899', 129, 2]
['Decision', '18786', 131, 1]
['Decision', '5503', 130, 2]
['Decision', '12377', 132, 1]
['Decision', '12387', 131, 2]
['Decision', '9146', 133, 1]
['Decision', '983', 132, 2]
['Decision', '15483', 134, 1]
['Decision', '1699', 133, 2]
['Decision', '2663', 135, 1]
['Decision', '10842', 134, 2]
['Decision', '14815', 136, 1]
['Decision', '11967', 135, 2]
['Decision', '31417', 137, 1]
['Decision', '9557', 136, 2]
['Decision', '24740', 138, 1]
['Decision', '10992', 137, 2]
['Decision', '4274', 139, 1]
['Decision', '1740', 138, 2]
['Decision', '9008', 140, 1]
['Decision', '10839', 139, 2]
['Decision', '20640', 141, 1]
['Decision', '8076', 140, 2]
['Decision', '12220', 142, 1]
['Decision', '27002', 141, 2]
['Decision', '18744', 143, 1]
['Decision', '29215', 142, 2]
['Decision', '7214', 144, 1]
['Decision', '14798', 143, 2]
['Decision', '1348', 145, 1]
['Decision', '26936', 144, 2]
['Decision', '19405', 146, 1]
['Decision', '28034', 145, 2]
['Decision', '29146', 147, 1]
['Decision', '6919', 146, 2]
['Decision', '15212', 147, 2]
['Decision', '12394', 148, 1]
['Decision', '20343', 149, 1]
['Decision', '14460', 148, 2]
['Decision', '3708', 150, 1]
['Decision', '29995', 149, 2]
['Decision', '5278', 151, 1]
['Decision', '22030', 150, 2]
['Decision', '5751', 152, 1]
['Decision', '4677', 151, 2]
['Decision', '28105', 153, 1]
['Decision', '11536', 152, 2]
['Decision', '31573', 153, 2]
['Decision', '31139', 154, 1]
['Decision', '27731', 155, 1]
['Decision', '31120', 154, 2]
['Decision', '4784', 156, 1]
['Decision', '10017', 155, 2]
['Decision', '32000', 157, 1]
['Decision', '21442', 156, 2]
['Decision', '8308', 158, 1]
['Decision', '20946', 157, 2]
['Decision', '15242', 159, 1]
['Decision', '32751', 158, 2]
['Decision', '32505', 160, 1]
['Decision', '29606', 159, 2]
['Decision', '27843', 160, 2]
['Decision', '6379', 161, 1]
['Decision', '2179', 162, 1]
['Decision', '29814', 161, 2]
['Decision', '30923', 163, 1]
['Decision', '12971', 162, 2]
['Decision', '13103', 164, 1]
['Decision', '22779', 163, 2]
['Decision', '19652', 165, 1]
['Decision', '705', 164, 2]
['Decision', '15745', 166, 1]
['Decision', '21249', 165, 2]
['Decision', '30103', 167, 1]
['Decision', '11065', 166, 2]
['Decision', '7055', 168, 1]
['Decision', '13659', 167, 2]
['Decision', '11126', 169, 1]
['Decision', '4748', 168, 2]
['Decision', '2731', 170, 1]
['Decision', '28635', 169, 2]
['Decision', '29353', 171, 1]
['Decision', '16758', 170, 2]
['Decision', '21809', 172, 1]
['Decision', '31066', 171, 2]
['Decision', '185', 173, 1]
['Decision', '14078', 172, 2]
['Decision', '5754', 174, 1]
['Decision', '22932', 173, 2]
['Decision', '27059', 175, 1]
['Decision', '18410', 174, 2]
['Decision', '4964', 176, 1]
['Decision', '26493', 175, 2]
['Decision', '595', 177, 1]
['Decision', '32494', 176, 2]
['Decision', '6555', 177, 2]
['Decision', '13910', 178, 1]
['Decision', '8614', 179, 1]
['Decision', '24664', 178, 2]
['Decision', '17222', 180, 1]
['Decision', '2085', 179, 2]
['Decision', '2878', 181, 1]
['Decision', '29426', 180, 2]
['Decision', '29925', 182, 1]
['Decision', '14347', 181, 2]
['Decision', '24980', 183, 1]
['Decision', '31253', 182, 2]
['Decision', '7462', 184, 1]
['Decision', '20581', 183, 2]
['Decision', '15102', 185, 1]
['Decision', '4954', 184, 2]
['Decision', '22120', 186, 1]
['Decision', '2820', 185, 2]
['Decision', '22407', 187, 1]
['Decision', '2278', 186, 2]
['Decision', '14668', 188, 1]
['Decision', '16541', 187, 2]
['Decision', '27454', 189, 1]
['Decision', '32631', 188, 2]
['Decision', '3502', 190, 1]
['Decision', '6802', 189, 2]
['Decision', '1773', 191, 1]
['Decision', '3482', 190, 2]
['Decision', '19989', 192, 1]
['Decision', '29889', 191, 2]
['Decision', '16829', 192, 2]
['Decision', '15381', 193, 1]
['Decision', '21507', 194, 1]
['Decision', '27911', 193, 2]
['Decision', '22275', 195, 1]
['Decision', '12749', 194, 2]
['Decision', '28750', 196, 1]
['Decision', '22998', 195, 2]
['Decision', '31304', 197, 1]
['Decision', '28511', 196, 2]
['Decision', '7771', 197, 2]
['Decision', '1911', 198, 1]
['Decision', '6736', 199, 1]
['Decision', '30820', 198, 2]
['Decision', '5511', 200, 1]
['Decision', '23466', 199, 2]
['Decision', '16669', 201, 1]
['Decision', '3966', 200, 2]
['Decision', '25648', 202, 1]
['Decision', '29012', 201, 2]
['Decision', '8711', 203, 1]
['Decision', '1987', 202, 2]
['Decision', '23555', 203, 2]
['Decision', '19524', 204, 1]
['Decision', '2978', 205, 1]
['Decision', '1222', 204, 2]
['Decision', '6215', 206, 1]
['Decision', '17888', 205, 2]
['Decision', '28345', 207, 1]
['Decision', '9501', 206, 2]
['Decision', '24428', 208, 1]
['Decision', '25418', 207, 2]
['Decision', '15013', 208, 2]
['Decision', '31648', 209, 1]
['Decision', '1697', 210, 1]
['Decision', '27849', 209, 2]
['Decision', '8548', 211, 1]
['Decision', '22911', 210, 2]
['Decision', '92', 212, 1]
['Decision', '27696', 211, 2]
['Decision', '12942', 213, 1]
['Decision', '25070', 212, 2]
['Decision', '32214', 214, 1]
['Decision', '401', 213, 2]
['Decision', '2022', 215, 1]
['Decision', '28020', 214, 2]
['Decision', '8250', 216, 1]
['Decision', '30566', 215, 2]
['Decision', '6274', 217, 1]
['Decision', '30024', 216, 2]
['Decision', '2935', 217, 2]
['Decision', '27103', 218, 1]
['Decision', '29130', 219, 1]
['Decision', '21287', 218, 2]
['Decision', '7117', 220, 1]
['Decision', '20737', 219, 2]
['Decision', '23663', 221, 1]
['Decision', '25378', 220, 2]
['Decision', '10726', 222, 1]
['Decision', '21668', 221, 2]
['Decision', '27791', 223, 1]
['Decision', '14196', 222, 2]
['Decision', '29702', 224, 1]
['Decision', '11205', 223, 2]
['Decision', '6229', 225, 1]
['Decision', '4647', 224, 2]
['Decision', '25973', 226, 1]
['Decision', '6800', 225, 2]
['Decision', '13217', 227, 1]
['Decision', '28414', 226, 2]
['Decision', '25950', 228, 1]
['Decision', '13131', 227, 2]
['Decision', '25016', 228, 2]
['Decision', '12632', 229, 1]
['Decision', '2889', 230, 1]
['Decision', '16697', 229, 2]
['Decision', '8103', 231, 1]
['Decision', '16531', 230, 2]
['Decision', '9852', 232, 1]
['Decision', '14413', 231, 2]
['Decision', '28326', 233, 1]
['Decision', '10305', 232, 2]
['Decision', '30716', 234, 1]
['Decision', '32159', 233, 2]
['Decision', '4577', 235, 1]
['Decision', '12775', 234, 2]
['Decision', '9541', 236, 1]
['Decision', '19266', 235, 2]
['Decision', '10430', 237, 1]
['Decision', '29417', 236, 2]
['Decision', '6885', 238, 1]
['Decision', '11947', 237, 2]
['Decision', '6193', 239, 1]
['Decision', '17729', 238, 2]
['Decision', '11873', 240, 1]
['Decision', '21929', 239, 2]
['Decision', '15318', 241, 1]
['Decision', '7561', 240, 2]
['Decision', '21293', 242, 1]
['Decision', '1484', 241, 2]
['Decision', '27230', 243, 1]
['Decision', '2986', 242, 2]
['Decision', '18396', 244, 1]
['Decision', '15926', 243, 2]
['Decision', '9100', 245, 1]
['Decision', '25103', 244, 2]
['Decision', '24542', 246, 1]
['Decision', '6746', 245, 2]
['Decision', '5329', 247, 1]
['Decision', '1807', 246, 2]
['Decision', '30300', 248, 1]
['Decision', '22130', 247, 2]
['Decision', '26548', 249, 1]
['Decision', '19071', 248, 2]
['Decision', '10538', 250, 1]
['Decision', '14794', 249, 2]
['Decision', '10373', 250, 2]
['Decision', '1907', 251, 1]
['Decision', '4946', 251, 2]
['Decision', '14720', 252, 1]
['Decision', '14603', 253, 1]
['Decision', '6956', 252, 2]
['Decision', '26848', 254, 1]
['Decision', '30654', 253, 2]
['Decision', '31856', 254, 2]
['Decision', '23524', 255, 1]
['Decision', '4137', 256, 1]
['Decision', '468', 255, 2]
['Decision', '21208', 257, 1]
['Decision', '30983', 256, 2]
['Decision', '11915', 258, 1]
['Decision', '8808', 257, 2]
['Decision', '2118', 259, 1]
['Decision', '22372', 258, 2]
['Decision', '15374', 260, 1]
['Decision', '22941', 259, 2]
['Decision', '16717', 261, 1]
['Decision', '1252', 260, 2]
['Decision', '10420', 262, 1]
['Decision', '31712', 261, 2]
['Decision', '25778', 263, 1]
['Decision', '22902', 262, 2]
['Decision', '7840', 264, 1]
['Decision', '4150', 263, 2]
['Decision', '8587', 265, 1]
['Decision', '28067', 264, 2]
['Decision', '16650', 265, 2]
['Decision', '21358', 266, 1]
['Decision', '24617', 267, 1]
['Decision', '751', 266, 2]
['Decision', '24297', 268, 1]
['Decision', '15789', 267, 2]
['Decision', '29982', 269, 1]
['Decision', '21547', 268, 2]
['Decision', '14802', 270, 1]
['Decision', '27900', 269, 2]
['Decision', '26377', 271, 1]
['Decision', '19079', 270, 2]
['Decision', '7708', 272, 1]
['Decision', '28871', 271, 2]
['Decision', '14001', 272, 2]
['Decision', '6712', 273, 1]
['Decision', '24421', 273, 2]
['Decision', '20829', 274, 1]
['Decision', '21129', 275, 1]
['Decision', '8137', 274, 2]
['Decision', '869', 276, 1]
['Decision', '21006', 275, 2]
['Decision', '9411', 277, 1]
['Decision', '15485', 276, 2]
['Decision', '23089', 278, 1]
['Decision', '24038', 277, 2]
['Decision', '25169', 279, 1]
['Decision', '16174', 278, 2]
['Decision', '15197', 280, 1]
['Decision', '30867', 279, 2]
['Decision', '30797', 281, 1]
['Decision', '1370', 280, 2]
['Decision', '8403', 282, 1]
['Decision', '13708', 281, 2]
['Decision', '24405', 282, 2]
['Decision', '26137', 283, 1]
['Decision', '7473', 284, 1]
['Decision', '27957', 283, 2]
['Decision', '29446', 285, 1]
['Decision', '17037', 284, 2]
['Decision', '12943', 286, 1]
['Decision', '12734', 285, 2]
['Decision', '20383', 287, 1]
['Decision', '22342', 286, 2]
['Decision', '32388', 288, 1]
['Decision', '26571', 287, 2]
['Decision', '30732', 289, 1]
['Decision', '4664', 288, 2]
['Decision', '5228', 290, 1]
['Decision', '16155', 289, 2]
['Decision', '2885', 291, 1]
['Decision', '28478', 290, 2]
['Decision', '8996', 292, 1]
['Decision', '31925', 291, 2]
['Decision', '18527', 293, 1]
['Decision', '9456', 292, 2]
['Decision', '10079', 294, 1]
['Decision', '729', 293, 2]
['Decision', '32590', 295, 1]
['Decision', '7732', 294, 2]
['Decision', '3717', 296, 1]
['Decision', '1953', 295, 2]
['Decision', '26846', 297, 1]
['Decision', '4727', 296, 2]
['Decision', '15803', 298, 1]
['Decision', '30806', 297, 2]
['Decision', '20010', 299, 1]
['Decision', '12591', 298, 2]
['Decision', '13295', 300, 1]
['Decision', '20348', 299, 2]
['Decision', '8825', 301, 1]
['Decision', '15051', 300, 2]
['Decision', '14781', 302, 1]
['Decision', '591', 301, 2]
['Decision', '7272', 303, 1]
['Decision', '4863', 302, 2]
['Decision', '9904', 304, 1]
['Decision', '1002', 303, 2]
['Decision', '6329', 305, 1]
['Decision', '7636', 304, 2]
['Decision', '6581', 306, 1]
['Decision', '4591', 305, 2]
['Decision', '31408', 307, 1]
['Decision', '12254', 306, 2]
['Decision', '12363', 308, 1]
['Decision', '4167', 307, 2]
['Decision', '18266', 309, 1]
['Decision', '29891', 308, 2]
['Decision', '8774', 310, 1]
['Decision', '13426', 309, 2]
['Decision', '14522', 311, 1]
['Decision', '8250', 310, 2]
['Decision', '25117', 312, 1]
['Decision', '24625', 311, 2]
['Decision', '4593', 313, 1]
['Decision', '27871', 312, 2]
['Decision', '20474', 314, 1]
['Decision', '4531', 313, 2]
['Decision', '8020', 315, 1]
['Decision', '19119', 314, 2]
['Decision', '5555', 316, 1]
['Decision', '31606', 315, 2]
['Decision', '26375', 317, 1]
['Decision', '31641', 316, 2]
['Decision', '22595', 318, 1]
['Decision', '12976', 317, 2]
['Decision', '12383', 319, 1]
['Decision', '7346', 318, 2]
['Decision', '16082', 319, 2]
['Decision', '20255', 320, 1]
['Decision', '19536', 321, 1]
['Decision', '17477', 320, 2]
['Decision', '8350', 322, 1]
['Decision', '22026', 321, 2]
['Decision', '21333', 323, 1]
['Decision', '5179', 322, 2]
['Decision', '15118', 324, 1]
['Decision', '11152', 323, 2]
['Decision', '11010', 325, 1]
['Decision', '14109', 324, 2]
['Decision', '4771', 326, 1]
['Decision', '2114', 325, 2]
['Decision', '8011', 327, 1]
['Decision', '22479', 326, 2]
['Decision', '24171', 328, 1]
['Decision', '4114', 327, 2]
['Decision', '20148', 329, 1]
['Decision', '4801', 328, 2]
['Decision', '13800', 330, 1]
['Decision', '15247', 329, 2]
['Decision', '12266', 330, 2]
['Decision', '2664', 331, 1]
['Decision', '22086', 332, 1]
['Decision', '32621', 331, 2]
['Decision', '11260', 333, 1]
['Decision', '12427', 332, 2]
['Decision', '25416', 334, 1]
['Decision', '29001', 333, 2]
['Decision', '8626', 335, 1]
['Decision', '11359', 334, 2]
['Decision', '25918', 336, 1]
['Decision', '13192', 335, 2]
['Decision', '14378', 337, 1]
['Decision', '26835', 336, 2]
['Decision', '29522', 338, 1]
['Decision', '29597', 337, 2]
['Decision', '13968', 339, 1]
['Decision', '21583', 338, 2]
['Decision', '14647', 340, 1]
['Decision', '30813', 339, 2]
['Decision', '14232', 341, 1]
['Decision', '20318', 340, 2]
['Decision', '20304', 342, 1]
['Decision', '7819', 341, 2]
['Decision', '8060', 343, 1]
['Decision', '32456', 342, 2]
['Decision', '24675', 344, 1]
['Decision', '15194', 343, 2]
['Decision', '15104', 345, 1]
['Decision', '25481', 344, 2]
['Decision', '15979', 346, 1]
['Decision', '22512', 345, 2]
['Decision', '563', 347, 1]
['Decision', '25600', 346, 2]
['Decision', '8876', 348, 1]
['Decision', '11531', 347, 2]
['Decision', '17005', 349, 1]
['Decision', '13809', 348, 2]
['Decision', '1429', 350, 1]
['Decision', '30490', 349, 2]
['Decision', '29097', 351, 1]
['Decision', '16601', 350, 2]
['Decision', '27686', 352, 1]
['Decision', '31387', 351, 2]
['Decision', '10076', 353, 1]
['Decision', '8889', 352, 2]
['Decision', '31241', 354, 1]
['Decision', '9522', 353, 2]
['Decision', '21779', 355, 1]
['Decision', '9666', 354, 2]
['Decision', '115', 356, 1]
['Decision', '24741', 355, 2]
['Decision', '28069', 357, 1]
['Decision', '10089', 356, 2]
['Decision', '32232', 358, 1]
['Decision', '19906', 357, 2]
['Decision', '6820', 359, 1]
['Decision', '961', 358, 2]
['Decision', '29859', 360, 1]
['Decision', '17580', 359, 2]
['Decision', '21891', 361, 1]
['Decision', '16881', 360, 2]
['Decision', '922', 362, 1]
['Decision', '2099', 361, 2]
['Decision', '8980', 363, 1]
['Decision', '23825', 362, 2]
['Decision', '6638', 364, 1]
['Decision', '12204', 363, 2]
['Decision', '29678', 365, 1]
['Decision', '11163', 364, 2]
['Decision', '25905', 366, 1]
['Decision', '12040', 365, 2]
['Decision', '12623', 367, 1]
['Decision', '26376', 366, 2]
['Decision', '17851', 368, 1]
['Decision', '9758', 367, 2]
['Decision', '8675', 369, 1]
['Decision', '3029', 368, 2]
['Decision', '13341', 370, 1]
['Decision', '9978', 369, 2]
['Decision', '27236', 371, 1]
['Decision', '31158', 370, 2]
['Decision', '20949', 372, 1]
['Decision', '3694', 371, 2]
['Decision', '18766', 373, 1]
['Decision', '9202', 372, 2]
['Decision', '8200', 374, 1]
['Decision', '15048', 373, 2]
['Decision', '20279', 375, 1]
['Decision', '26990', 374, 2]
['Decision', '15507', 376, 1]
['Decision', '31427', 375, 2]
['Decision', '77', 377, 1]
['Decision', '19166', 376, 2]
['Decision', '25080', 378, 1]
['Decision', '28318', 377, 2]
['Decision', '13486', 379, 1]
['Decision', '28856', 378, 2]
['Decision', '25543', 380, 1]
['Decision', '26305', 379, 2]
['Decision', '1186', 381, 1]
['Decision', '12812', 380, 2]
['Decision', '9476', 382, 1]
['Decision', '7244', 381, 2]
['Decision', '23651', 383, 1]
['Decision', '32108', 382, 2]
['Decision', '30954', 384, 1]
['Decision', '24708', 383, 2]
['Decision', '17373', 385, 1]
['Decision', '17924', 384, 2]
['Decision', '19722', 386, 1]
['Decision', '9609', 385, 2]
['Decision', '5365', 387, 1]
['Decision', '6607', 386, 2]
['Decision', '10782', 388, 1]
['Decision', '26524', 387, 2]
['Decision', '28491', 389, 1]
['Decision', '20330', 388, 2]
['Decision', '3716', 390, 1]
['Decision', '8978', 389, 2]
['Decision', '24527', 391, 1]
['Decision', '24917', 390, 2]
['Decision', '17111', 392, 1]
['Decision', '15810', 391, 2]
['Decision', '16820', 393, 1]
['Decision', '22222', 392, 2]
['Decision', '6448', 394, 1]
['Decision', '4560', 393, 2]
['Decision', '17447', 395, 1]
['Decision', '9118', 394, 2]
['Decision', '14506', 396, 1]
['Decision', '26670', 395, 2]
['Decision', '31611', 396, 2]
['Decision', '31076', 397, 1]
['Decision', '21802', 398, 1]
['Decision', '24466', 397, 2]
['Decision', '9056', 399, 1]
['Decision', '14510', 398, 2]
['Decision', '2622', 400, 1]
['Decision', '9824', 399, 2]
['Decision', '3249', 401, 1]
['Decision', '2527', 400, 2]
['Decision', '3598', 402, 1]
['Decision', '13517', 401, 2]
['Decision', '12669', 403, 1]
['Decision', '14818', 402, 2]
['Decision', '29346', 404, 1]
['Decision', '7232', 403, 2]
['Decision', '15859', 405, 1]
['Decision', '30534', 404, 2]
['Decision', '6743', 406, 1]
['Decision', '21239', 405, 2]
['Decision', '28524', 407, 1]
['Decision', '21064', 406, 2]
['Decision', '24650', 408, 1]
['Decision', '985', 407, 2]
['Decision', '5853', 409, 1]
['Decision', '24147', 408, 2]
['Decision', '7076', 410, 1]
['Decision', '14415', 409, 2]
['Decision', '7', 411, 1]
['Decision', '22457', 410, 2]
['Decision', '27409', 412, 1]
['Decision', '11502', 411, 2]
['Decision', '5740', 413, 1]
['Decision', '29662', 412, 2]
['Decision', '4980', 414, 1]
['Decision', '19344', 413, 2]
['Decision', '12966', 415, 1]
['Decision', '24018', 414, 2]
['Decision', '8722', 416, 1]
['Decision', '11934', 415, 2]
['Decision', '25465', 417, 1]
['Decision', '29651', 416, 2]
['Decision', '7658', 418, 1]
['Decision', '17922', 417, 2]
['Decision', '3648', 419, 1]
['Decision', '21515', 418, 2]
['Decision', '4024', 420, 1]
['Decision', '19779', 419, 2]
['Decision', '29712', 421, 1]
['Decision', '2127', 420, 2]
['Decision', '102', 422, 1]
['Decision', '5698', 421, 2]
['Decision', '14471', 423, 1]
['Decision', '27128', 422, 2]
['Decision', '3674', 424, 1]
['Decision', '8742', 423, 2]
['Decision', '20079', 425, 1]
['Decision', '20388', 424, 2]
['Decision', '31555', 426, 1]
['Decision', '757', 425, 2]
['Decision', '22566', 427, 1]
['Decision', '3017', 426, 2]
['Decision', '23132', 428, 1]
['Decision', '7295', 427, 2]
['Decision', '16907', 429, 1]
['Decision', '19560', 428, 2]
['Decision', '11016', 430, 1]
['Decision', '30817', 429, 2]
['Decision', '20256', 431, 1]
['Decision', '19451', 430, 2]
['Decision', '14356', 432, 1]
['Decision', '473', 431, 2]
['Decision', '12488', 433, 1]
['Decision', '21233', 432, 2]
['Decision', '26721', 434, 1]
['Decision', '25121', 433, 2]
['Decision', '26872', 435, 1]
['Decision', '21633', 434, 2]
['Decision', '19031', 436, 1]
['Decision', '12252', 435, 2]
['Decision', '832', 437, 1]
['Decision', '9660', 436, 2]
['Decision', '27707', 438, 1]
['Decision', '7745', 437, 2]
['Decision', '16858', 439, 1]
['Decision', '7430', 438, 2]
['Decision', '3905', 440, 1]
['Decision', '2805', 439, 2]
['Decision', '18529', 441, 1]
['Decision', '1983', 440, 2]
['Decision', '11887', 442, 1]
['Decision', '4084', 441, 2]
['Decision', '18159', 443, 1]
['Decision', '5907', 442, 2]
['Decision', '19526', 444, 1]
['Decision', '10652', 443, 2]
['Decision', '32113', 445, 1]
['Decision', '27299', 444, 2]
['Decision', '20773', 446, 1]
['Decision', '4063', 445, 2]
['Decision', '30452', 447, 1]
['Decision', '15532', 446, 2]
['Decision', '8215', 448, 1]
['Decision', '21604', 447, 2]
['Decision', '4799', 449, 1]
['Decision', '4532', 448, 2]
['Decision', '30884', 450, 1]
['Decision', '10982', 449, 2]
['Decision', '20247', 451, 1]
['Decision', '29641', 450, 2]
['Decision', '13985', 452, 1]
['Decision', '2947', 451, 2]
['Decision', '2504', 453, 1]
['Decision', '15346', 452, 2]
['Decision', '22128', 454, 1]
['Decision', '7850', 453, 2]
['Decision', '11324', 455, 1]
['Decision', '12248', 454, 2]
['Decision', '20111', 456, 1]
['Decision', '17934', 455, 2]
['Decision', '25857', 457, 1]
['Decision', '9199', 456, 2]
['Decision', '22581', 458, 1]
['Decision', '26030', 457, 2]
['Decision', '32580', 459, 1]
['Decision', '30615', 458, 2]
['Decision', '31760', 460, 1]
['Decision', '4097', 459, 2]
['Decision', '1349', 461, 1]
['Decision', '31773', 460, 2]
['Decision', '31149', 462, 1]
['Decision', '30828', 461, 2]
['Decision', '4037', 463, 1]
['Decision', '10503', 462, 2]
['Decision', '10639', 464, 1]
['Decision', '9529', 463, 2]
['Decision', '3955', 465, 1]
['Decision', '817', 464, 2]
['Decision', '17401', 466, 1]
['Decision', '9536', 465, 2]
['Decision', '15900', 467, 1]
['Decision', '24205', 466, 2]
['Decision', '2350', 468, 1]
['Decision', '10537', 467, 2]
['Decision', '13835', 469, 1]
['Decision', '31770', 468, 2]
['Decision', '5140', 470, 1]
['Decision', '24323', 469, 2]
['Decision', '18926', 471, 1]
['Decision', '5937', 470, 2]
['Decision', '4493', 472, 1]
['Decision', '18766', 471, 2]
['Decision', '3421', 473, 1]
['Decision', '25777', 472, 2]
['Decision', '59', 474, 1]
['Decision', '28224', 473, 2]
['Decision', '26359', 475, 1]
['Decision', '15931', 474, 2]
['Decision', '10067', 476, 1]
['Decision', '32764', 475, 2]
['Decision', '28502', 477, 1]
['Decision', '18399', 476, 2]
['Decision', '20653', 478, 1]
['Decision', '23086', 477, 2]
['Decision', '15399', 479, 1]
['Decision', '27839', 478, 2]
['Decision', '7865', 480, 1]
['Decision', '31391', 479, 2]
['Decision', '2134', 481, 1]
['Decision', '9273', 480, 2]
['Decision', '24050', 481, 2]
['Decision', '31636', 482, 1]
['Decision', '5321', 483, 1]
['Decision', '6015', 482, 2]
['Decision', '27582', 484, 1]
['Decision', '20787', 483, 2]
['Decision', '29984', 485, 1]
['Decision', '22905', 484, 2]
['Decision', '19585', 486, 1]
['Decision', '17384', 485, 2]
['Decision', '26761', 487, 1]
['Decision', '24442', 486, 2]
['Decision', '482', 488, 1]
['Decision', '1684', 487, 2]
['Decision', '23410', 489, 1]
['Decision', '17609', 488, 2]
['Decision', '16745', 490, 1]
['Decision', '24752', 489, 2]
['Decision', '9057', 491, 1]
['Decision', '16326', 490, 2]
['Decision', '901', 492, 1]
['Decision', '20436', 491, 2]
['Decision', '490', 493, 1]
['Decision', '2921', 492, 2]
['Decision', '4137', 494, 1]
['Decision', '2521', 493, 2]
['Decision', '12483', 495, 1]
['Decision', '16477', 494, 2]
['Decision', '19638', 495, 2]
['Decision', '215', 496, 1]
['Decision', '2041', 497, 1]
['Decision', '15404', 496, 2]
['Decision', '31851', 498, 1]
['Decision', '20521', 497, 2]
['Decision', '13921', 499, 1]
['Decision', '4791', 498, 2]
['Decision', '18868', 500, 1]
