31804
19179
20678
22678
32571
24741
21191
22648
14141
30389
7613
6944
7112
12457
29825
31481
11302
21442
16463
20688
24780
8734
21340
24217
7540
31157
7114
5491
16919
10486
26608
17754
25743
30051
16709
31706
27507
12410
23235
23376
24412
5625
12979
12394
16143
31469
24089
24681
13828
5325
19523
24529
2848
2302
22757
30839
11788
30041
19657
6247
31639
25702
22498
14347
19152
29958
12942
120
22534
9867
8385
13754
9478
24906
8458
11537
19984
1400
15696
24702
4100
15332
30322
4631
9161
13494
8608
18300
5605
13862
8567
28517
23412
24611
9398
11057
4735
3484
32311
27834
19474
32338
13381
11045
11224
24204
15335
11368
1309
11668
21800
29281
10065
23914
20705
22507
19922
3091
10632
6990
6669
2039
15490
24845
11987
7890
17505
16814
29915
22426
10457
23743
2720
672
18539
32457
22843
25206
5959
21664
23118
29888
15975
31657
13541
31088
32572
18940
6919
28838
17730
27296
32110
14799
21168
10121
5360
5932
12523
23841
15799
3444
32579
26889
14272
29231
5748
19259
29735
12569
9567
25430
14005
3793
21165
25120
13937
21350
21524
8853
29819
18361
22135
12210
13163
2110
9507
15510
1955
31647
21648
25837
9599
25447
5783
21589
13992
15871
21042
12008
17727
786
14558
20254
29734
14417
12025
7164
31762
26275
10395
31412
23309
1730
16938
30450
21895
23040
11640
28501
19373
3660
32703
27216
20060
12654
30895
20254
1267
6468
26757
29749
23403
19728
10628
18734
6169
26148
1602
12212
28614
15617
30869
4637
3760
3497
10043
4336
27239
23476
11442
10945
21452
5967
25701
19972
10743
32003
9252
31822
25899
18786
5503
12377
12387
9146
983
15483
1699
2663
10842
14815
11967
31417
9557
24740
10992
4274
1740
9008
10839
20640
8076
12220
27002
18744
29215
7214
14798
1348
26936
19405
28034
29146
6919
15212
12394
20343
14460
3708
29995
5278
22030
5751
4677
28105
11536
31573
31139
27731
31120
4784
10017
32000
21442
8308
20946
15242
32751
32505
29606
27843
6379
2179
29814
30923
12971
13103
22779
19652
705
15745
21249
30103
11065
7055
13659
11126
4748
2731
28635
29353
16758
21809
31066
185
14078
5754
22932
27059
18410
4964
26493
595
32494
6555
13910
8614
24664
17222
2085
2878
29426
29925
14347
24980
31253
7462
20581
15102
4954
22120
2820
22407
2278
14668
16541
27454
32631
3502
6802
1773
3482
19989
29889
16829
15381
21507
27911
22275
12749
28750
22998
31304
28511
7771
1911
6736
30820
5511
23466
16669
3966
25648
29012
8711
1987
23555
19524
2978
1222
6215
17888
28345
9501
24428
25418
15013
31648
1697
27849
8548
22911
92
27696
12942
25070
32214
401
2022
28020
8250
30566
6274
30024
2935
27103
29130
21287
7117
20737
23663
25378
10726
21668
27791
14196
29702
11205
6229
4647
25973
6800
13217
28414
25950
13131
25016
12632
2889
16697
8103
16531
9852
14413
28326
10305
30716
32159
4577
12775
9541
19266
10430
29417
6885
11947
6193
17729
11873
21929
15318
7561
21293
1484
27230
2986
18396
15926
9100
25103
24542
6746
5329
1807
30300
22130
26548
19071
10538
14794
10373
1907
4946
14720
14603
6956
26848
30654
31856
23524
4137
468
21208
30983
11915
8808
2118
22372
15374
22941
16717
1252
10420
31712
25778
22902
7840
4150
8587
28067
16650
21358
24617
751
24297
15789
29982
21547
14802
27900
26377
19079
7708
28871
14001
6712
24421
20829
21129
8137
869
21006
9411
15485
23089
24038
25169
16174
15197
30867
30797
1370
8403
13708
24405
26137
7473
27957
29446
17037
12943
12734
20383
22342
32388
26571
30732
4664
5228
16155
2885
28478
8996
31925
18527
9456
10079
729
32590
7732
3717
1953
26846
4727
15803
30806
20010
12591
13295
20348
8825
15051
14781
591
7272
4863
9904
1002
6329
7636
6581
4591
31408
12254
12363
4167
18266
29891
8774
13426
14522
8250
25117
24625
4593
27871
20474
4531
8020
19119
5555
31606
26375
31641
22595
12976
12383
7346
16082
20255
19536
17477
8350
22026
21333
5179
15118
11152
11010
14109
4771
2114
8011
22479
24171
4114
20148
4801
13800
15247
12266
2664
22086
32621
11260
12427
25416
29001
8626
11359
25918
13192
14378
26835
29522
29597
13968
21583
14647
30813
14232
20318
20304
7819
8060
32456
24675
15194
15104
25481
15979
22512
563
25600
8876
11531
17005
13809
1429
30490
29097
16601
27686
31387
10076
8889
31241
9522
21779
9666
115
24741
28069
10089
32232
19906
6820
961
29859
17580
21891
16881
922
2099
8980
23825
6638
12204
29678
11163
25905
12040
12623
26376
17851
9758
8675
3029
13341
9978
27236
31158
20949
3694
18766
9202
8200
15048
20279
26990
15507
31427
77
19166
25080
28318
13486
28856
25543
26305
1186
12812
9476
7244
23651
32108
30954
24708
17373
17924
19722
9609
5365
6607
10782
26524
28491
20330
3716
8978
24527
24917
17111
15810
16820
22222
6448
4560
17447
9118
14506
26670
31611
31076
21802
24466
9056
14510
2622
9824
3249
2527
3598
13517
12669
14818
29346
7232
15859
30534
6743
21239
28524
21064
24650
985
5853
24147
7076
14415
7
22457
27409
11502
5740
29662
4980
19344
12966
24018
8722
11934
25465
29651
7658
17922
3648
21515
4024
19779
29712
2127
102
5698
14471
27128
3674
8742
20079
20388
31555
757
22566
3017
23132
7295
16907
19560
11016
30817
20256
19451
14356
473
12488
21233
26721
25121
26872
21633
19031
12252
832
9660
27707
7745
16858
7430
3905
2805
18529
1983
11887
4084
18159
5907
19526
10652
32113
27299
20773
4063
30452
15532
8215
21604
4799
4532
30884
10982
20247
29641
13985
2947
2504
15346
22128
7850
11324
12248
20111
17934
25857
9199
22581
26030
32580
30615
31760
4097
1349
31773
31149
30828
4037
10503
10639
9529
3955
817
17401
9536
15900
24205
2350
10537
13835
31770
5140
24323
18926
5937
4493
18766
3421
25777
59
28224
26359
15931
10067
32764
28502
18399
20653
23086
15399
27839
7865
31391
2134
9273
24050
31636
5321
6015
27582
20787
29984
22905
19585
17384
26761
24442
482
1684
23410
17609
16745
24752
9057
16326
901
20436
490
2921
4137
2521
12483
16477
19638
215
2041
15404
31851
20521
13921
4791
18868
18262
26795
11441
11325
13148
4198
8474
376
21287
1970
18678
4104
7777
7801
29910
15969
25772
13914
24311
25561
22132
14676
31932
28553
12979
15167
26978
8691
11108
28750
11534
22626
5861
21927
21383
31193
16562
18701
18429
28314
9083
9774
3468
11441
17192
26599
11364
2539
9535
1159
14734
13869
22903
24104
23787
14231
3414
8756
8143
26325
30822
14481
19630
1141
24776
27319
28389
3927
17096
14568
21213
5414
30483
16392
19258
26443
18984
29944
4153
7327
6878
22971
15943
8859
15310
151
24386
29419
28177
27494
21168
18333
24183
29453
3119
4622
24676
8443
11537
10410
14097
11443
21974
14187
18791
29051
8425
14938
4358
30312
8994
23200
27278
14968
16691
4517
27094
10629
11163
19201
2530
28171
9801
21706
1879
12002
24220
4671
24091
14220
26937
4834
22049
32500
11418
30906
19265
13677
4027
24648
3425
1528
996
16817
13111
32552
5185
20447
29646
56
1180
22432
1348
28265
26908
12589
32150
14858
5774
8151
32235
19812
4667
31675
17212
15525
16555
28161
4873
2303
3124
1539
32004
8860
8642
9981
20810
26135
26106
10619
77
3262
19697
6724
16923
27104
15153
9814
25393
19980
14214
8607
27304
2303
13087
14472
6363
19430
3700
3595
9179
110
10834
12481
8463
23161
13637
13578
10424
18879
1619
18725
26802
27603
15955
11821
25438
27713
231
2337
31986
25596
11051
2274
22257
9287
4303
16932
29287
16997
10079
15686
1744
7001
774
31691
30831
30899
15431
18771
10722
458
3319
2604
579
27134
28168
11971
12873
16242
31636
7557
15983
4963
2673
3055
16585
24754
16236
29219
19575
5888
9989
8569
25469
9675
18998
3921
21749
23555
8340
17133
32592
31190
17731
19526
25085
22626
5134
6268
3286
31776
11151
19055
13037
1715
2638
14390
7280
18138
28625
1132
7623
23025
25888
9402
24422
3897
12981
20386
1528
24797
14195
11382
6849
9579
10443
18329
2722
16130
14383
5200
12386
12577
17428
20149
20137
11264
849
23725
13661
18696
27110
7778
869
16396
31493
16819
30166
8190
1593
24661
1532
25381
25738
1048
26623
22738
13861
26239
16860
23609
15674
27183
18684
4997
20278
17683
16157
7206
6515
4533
4373
25383
6093
6571
17213
8638
31781
13375
26670
27242
17886
12096
31444
32184
11108
23790
651
20294
30030
26700
1095
30882
7953
26005
29436
664
12139
21227
26407
1582
8264
19152
14397
4257
30861
8923
25111
5511
17168
6436
6364
9657
6558
11429
18353
32307
28269
9720
1871
1891
29793
29885
16407
13411
25032
28920
17577
21694
24504
2075
11525
30089
16843
9102
31200
23278
887
21512
22904
12868
22233
23713
4717
28720
4480
12592
1112
14760
16064
22480
12375
18125
479
26760
27410
9769
28047
1422
24973
4056
4769
13047
10047
5853
3241
32118
19704
22868
14786
32641
31340
10553
4854
28530
8200
27714
10771
27112
26949
7362
27353
7327
22971
5561
2322
31002
28988
12706
27449
22520
359
31509
32320
26052
24677
31556
13365
9644
22543
31811
5181
7996
1979
20070
21466
6926
10981
26348
28551
17059
2978
20606
16516
7335
9992
12909
30509
28751
19758
5676
22460
22302
32447
7566
19422
11355
26915
20890
1231
28456
30212
22250
24361
13767
17467
14976
6076
18604
14447
24626
16078
31602
2620
21651
2000
18147
12503
7704
16749
23517
3148
30605
32190
20382
2775
26139
15312
8739
15329
13181
8964
2874
30548
11094
16754
17339
16982
11376
22318
3673
23790
31425
18260
16343
24708
25134
8678
14261
9225
10727
13367
12602
5484
7821
20346
30964
6605
4174
31480
26111
3290
20778
3983
22332
20560
4467
907
27647
5805
18903
3353
28882
28119
17228
31490
14147
8062
31989
23155
30093
2648
27440
13929
30393
19135
21437
28322
16061
8607
28579
28552
26408
8564
27522
14055
4762
20304
27882
8977
27434
21701
19483
9103
7842
9447
10225
20652
19976
17052
16825
3272
18612
18785
23300
28034
2589
31113
15109
26951
20127
16974
27045
13848
26013
17281
18442
17096
9391
9264
19530
24757
4354
16763
19776
28198
23155
9839
25620
6377
23725
16433
7210
26670
14472
5147
9399
20364
17295
3027
32614
14008
30541
13090
11860
2451
25487
16454
16250
4796
22978
11680
8679
15016
396
6947
664
23902
11336
27352
26306
12439
22984
30174
5626
23861
26396
1072
29861
6359
28800
943
10309
27940
26479
2274
32213
10499
1921
5207
5549
26407
11539
8932
1078
21819
12311
9187
25281
16604
3624
20667
31822
17548
31173
11023
7916
23818
2808
11619
19191
8281
23335
2221
27553
31635
12965
11447
18508
16375
24939
8241
12292
7540
24637
75
9622
22679
25605
10716
23335
3169
23742
1857
6963
15598
21767
32682
11899
12674
25275
15160
647
25434
23338
32153
24708
30659
6059
31090
23073
4968
10563
8322
24604
31255
32243
22405
21133
23239
14255
20108
14290
5945
26728
19639
27291
23129
17494
23755
966
19226
20002
30016
12571
21735
21126
10408
8560
10470
20341
11056
13038
42
6645
15259
23778
4103
22250
17240
13175
15744
13253
25549
18299
32348
28363
32533
233
11302
1723
15216
19188
2027
20582
25458
11111
931
17655
10868
11466
2608
23354
19329
15593
22237
6612
27554
8528
7019
10181
15231
6955
777
11785
25021
20169
31926
18479
10438
27570
21804
17729
28411
21391
12294
10435
24207
13921
28797
8103
15578
20119
25663
30545
10298
31171
5999
30772
8442
4011
28800
30390
11740
17573
11649
23007
23828
26193
18040
7657
10126
24383
9097
15523
10195
6829
28524
13031
17610
5103
22019
10383
28450
12849
21542
25459
32405
11033
32329
18516
306
3078
29322
20604
3120
16283
30231
2051
27655
2534
13094
3964
19069
30239
17031
24926
4441
2034
30617
7096
32085
3322
23745
14137
798
21378
3390
22380
11976
27359
6504
20054
27065
711
25409
23210
6870
9598
31532
29702
21400
30690
28631
28097
31338
12059
16987
23749
2912
8433
20539
31134
29305
27606
26815
28781
6098
29610
1585
8925
27832
22874
32694
24213
15140
798
19467
12389
17644
4569
3673
2865
28155
30595
23855
4059
2639
18751
10133
30523
11352
8546
16234
20768
5411
32077
12830
6761
24405
1513
27579
31959
27892
7001
24481
17466
27416
10310
24987
16827
954
9569
26876
8660
15645
21450
31178
10238
