17911
31132
9431
8057
20611
1845
26892
20566
24550
32740
2883
6228
27753
5149
4813
24527
15668
10992
31922
17587
24923
11952
14779
11217
23600
1967
31096
28372
12810
21046
22905
8150
15996
20517
16545
15416
4635
12612
9150
10627
26491
25258
2292
2529
9819
24004
31691
19817
24748
21332
28336
8021
1554
15997
8631
3305
12760
6130
16055
8190
32087
1536
5241
12246
3845
9738
30042
1173
25293
4037
21652
22848
8112
24362
22975
13706
3702
3652
5646
6312
19108
32265
6898
10004
5166
28014
26039
24979
7842
18742
11509
4620
29734
10294
4318
27550
25037
28351
21722
22709
22321
24438
21837
14602
29788
30944
28703
11764
8929
8344
24130
29885
10482
13709
19557
13533
14096
11152
6089
6831
25417
22868
13029
24858
705
2216
19891
12287
18687
7807
16002
28667
31861
32614
8842
19593
14957
19384
7579
12719
844
5670
18190
9132
28992
19102
27368
14139
12765
15231
10717
10934
9931
29304
16673
29802
4996
31721
12923
26080
2519
15098
9365
26126
15857
11867
4174
831
13431
10061
22777
27260
10076
15509
28621
4041
5079
12967
13006
5392
701
1772
2983
8523
29457
474
17849
13899
12236
10918
7221
23509
2946
4953
21528
32524
28797
17829
32656
20765
32154
15119
22900
28729
13433
1045
6517
31930
21238
7987
32684
6800
29151
3659
29955
19430
9441
24267
709
