31804
19179
22678
24741
22648
7613
6944
12457
31481
21442
20688
8734
7540
31157
5491
10486
25743
30051
31706
12410
23376
5625
12394
31469
24681
5325
24529
2302
30839
30041
31639
25702
14347
12942
120
9867
9478
24906
11537
1400
24702
15332
4631
13494
18300
13862
28517
9398
11057
3484
19474
32338
11045
15335
11368
11668
29281
23914
22507
3091
6990
2039
24845
7890
16814
22426
23743
672
32457
25206
21664
29888
31657
31088
18940
28838
27296
14799
10121
5932
23841
3444
26889
29231
19259
12569
25430
3793
25120
21350
8853
18361
12210
2110
15510
31647
25837
5783
21589
15871
12008
786
20254
14417
7164
26275
31412
1730
30450
23040
28501
3660
27216
30895
20254
6468
29749
19728
18734
26148
12212
30869
4637
3497
4336
23476
10945
5967
19972
32003
31822
18786
12377
9146
15483
2663
14815
31417
24740
4274
9008
20640
12220
18744
7214
1348
19405
29146
12394
20343
3708
5278
5751
28105
31139
27731
4784
32000
8308
15242
32505
6379
2179
30923
13103
19652
15745
30103
7055
11126
2731
29353
21809
185
5754
27059
4964
595
13910
8614
17222
2878
29925
24980
7462
15102
22120
22407
14668
27454
3502
1773
19989
15381
21507
22275
28750
31304
1911
6736
5511
16669
25648
8711
19524
2978
6215
28345
24428
31648
1697
8548
92
12942
32214
2022
8250
6274
27103
29130
7117
23663
10726
27791
29702
6229
25973
13217
25950
12632
2889
8103
9852
28326
30716
4577
9541
10430
6885
6193
11873
15318
21293
27230
18396
9100
24542
5329
30300
26548
10538
1907
14720
14603
26848
23524
4137
21208
11915
2118
15374
16717
10420
25778
7840
8587
21358
24617
24297
29982
14802
26377
7708
6712
20829
21129
869
9411
23089
25169
15197
30797
8403
26137
7473
29446
12943
20383
32388
30732
5228
2885
8996
18527
10079
32590
3717
26846
15803
20010
13295
8825
14781
7272
9904
6329
6581
31408
12363
18266
8774
14522
25117
4593
20474
8020
5555
26375
22595
12383
20255
19536
8350
21333
15118
11010
4771
8011
24171
20148
13800
2664
22086
11260
25416
8626
25918
14378
29522
13968
14647
14232
20304
8060
24675
15104
15979
563
8876
17005
1429
29097
27686
10076
31241
21779
115
28069
32232
6820
29859
21891
922
8980
6638
29678
25905
12623
17851
8675
13341
27236
20949
18766
8200
20279
15507
77
25080
13486
25543
1186
9476
23651
30954
17373
19722
5365
10782
28491
3716
24527
17111
16820
6448
17447
14506
31076
21802
9056
2622
3249
3598
12669
29346
15859
6743
28524
24650
5853
7076
7
27409
5740
4980
12966
8722
25465
7658
3648
4024
29712
102
14471
3674
20079
31555
22566
23132
16907
11016
20256
14356
12488
26721
26872
19031
832
27707
16858
3905
18529
11887
18159
19526
32113
20773
30452
8215
4799
30884
20247
13985
2504
22128
11324
20111
25857
22581
32580
31760
1349
31149
4037
10639
3955
17401
15900
2350
13835
5140
18926
4493
3421
59
26359
10067
28502
20653
15399
7865
2134
31636
5321
27582
29984
19585
26761
482
23410
16745
9057
901
490
4137
12483
215
2041
31851
13921
18868
26795
11325
4198
376
1970
4104
7801
15969
13914
25561
14676
28553
15167
8691
28750
22626
21927
31193
18701
28314
9774
11441
26599
2539
1159
13869
24104
14231
8756
26325
14481
1141
27319
3927
14568
5414
16392
26443
29944
6878
22971
8859
151
29419
27494
18333
29453
4622
8443
10410
11443
14187
29051
14938
30312
23200
14968
4517
10629
19201
28171
21706
12002
4671
14220
4834
32500
30906
13677
24648
1528
16817
32552
20447
56
22432
28265
12589
14858
8151
19812
31675
15525
28161
2303
1539
8642
9981
26135
10619
3262
6724
27104
9814
19980
8607
2303
14472
19430
3595
110
12481
23161
13578
18879
18725
27603
11821
27713
2337
25596
2274
9287
16932
16997
15686
7001
31691
30899
18771
458
2604
27134
11971
16242
7557
4963
3055
24754
29219
5888
8569
9675
3921
23555
17133
31190
19526
22626
6268
31776
19055
1715
14390
18138
1132
23025
9402
3897
20386
24797
11382
9579
18329
16130
5200
12577
20149
11264
23725
18696
7778
16396
30166
8190
24661
25381
1048
22738
26239
23609
27183
4997
17683
7206
4533
25383
6571
8638
13375
27242
12096
32184
23790
20294
26700
30882
26005
664
21227
1582
19152
4257
8923
5511
6436
9657
11429
32307
9720
1891
29885
13411
28920
21694
2075
30089
9102
23278
21512
12868
23713
28720
12592
14760
22480
18125
26760
9769
1422
4056
13047
5853
32118
22868
32641
10553
28530
27714
27112
7362
7327
5561
31002
12706
22520
31509
26052
31556
9644
31811
7996
20070
6926
26348
17059
20606
7335
12909
28751
5676
22302
7566
11355
20890
28456
22250
13767
14976
18604
24626
31602
21651
18147
7704
23517
30605
20382
26139
8739
13181
2874
11094
17339
11376
3673
31425
16343
25134
14261
10727
12602
7821
30964
4174
26111
20778
22332
4467
27647
18903
28882
17228
14147
31989
30093
27440
30393
21437
16061
28579
26408
27522
4762
27882
27434
19483
7842
10225
19976
16825
18612
23300
2589
15109
20127
27045
26013
18442
9391
19530
4354
19776
23155
25620
23725
7210
14472
9399
17295
32614
30541
11860
25487
16250
22978
8679
396
664
11336
26306
22984
5626
26396
29861
28800
10309
26479
10499
1921
5549
11539
1078
12311
25281
3624
31822
31173
7916
2808
19191
23335
27553
12965
18508
24939
12292
24637
9622
25605
23335
23742
6963
21767
11899
25275
647
23338
24708
6059
23073
10563
24604
32243
21133
14255
14290
26728
27291
17494
966
20002
12571
21126
8560
20341
13038
6645
23778
22250
13175
13253
18299
28363
233
1723
19188
20582
11111
17655
11466
23354
15593
6612
8528
10181
6955
11785
20169
18479
27570
17729
21391
10435
13921
8103
20119
30545
31171
30772
4011
30390
17573
23007
26193
7657
24383
15523
6829
13031
5103
10383
12849
25459
11033
18516
3078
20604
16283
2051
2534
3964
30239
24926
2034
7096
3322
14137
21378
22380
27359
20054
711
23210
9598
29702
30690
28097
12059
23749
8433
31134
27606
28781
29610
8925
22874
24213
798
12389
4569
2865
30595
4059
18751
30523
8546
20768
32077
6761
1513
31959
7001
17466
10310
16827
9569
8660
21450
